0 verbose cli C:\Program Files\nodejs\node.exe C:\Program Files\nodejs\node_modules\npm\bin\npm-cli.js
1 info using npm@11.12.1
2 info using node@v24.15.0
3 silly config load:file:C:\Program Files\nodejs\node_modules\npm\npmrc
4 silly config load:file:C:\Users\malgo\Documents\New project\.npmrc
5 silly config load:file:C:\Users\malgo\.npmrc
6 silly config load:file:C:\Users\malgo\AppData\Roaming\npm\etc\npmrc
7 verbose title npm install
8 verbose argv "install" "--cache" ".npm-cache"
9 verbose logfile logs-max:10 dir:C:\Users\malgo\Documents\New project\.npm-cache\_logs\2026-05-12T09_06_54_153Z-
10 verbose logfile C:\Users\malgo\Documents\New project\.npm-cache\_logs\2026-05-12T09_06_54_153Z-debug-0.log
11 silly logfile done cleaning log files
12 silly packumentCache heap:4496293888 maxSize:1124073472 maxEntrySize:562036736
13 silly idealTree buildDeps
14 silly fetch manifest @supabase/supabase-js@^2.75.0
15 silly packumentCache full:https://registry.npmjs.org/@supabase%2fsupabase-js cache-miss
16 http fetch GET https://registry.npmjs.org/@supabase%2fsupabase-js attempt 1 failed with UNABLE_TO_VERIFY_LEAF_SIGNATURE
17 http fetch GET https://registry.npmjs.org/npm attempt 1 failed with UNABLE_TO_VERIFY_LEAF_SIGNATURE
18 http fetch GET https://registry.npmjs.org/@supabase%2fsupabase-js attempt 2 failed with UNABLE_TO_VERIFY_LEAF_SIGNATURE
19 http fetch GET https://registry.npmjs.org/npm attempt 2 failed with UNABLE_TO_VERIFY_LEAF_SIGNATURE
20 http fetch GET https://registry.npmjs.org/npm attempt 3 failed with UNABLE_TO_VERIFY_LEAF_SIGNATURE
21 http fetch GET https://registry.npmjs.org/@supabase%2fsupabase-js attempt 3 failed with UNABLE_TO_VERIFY_LEAF_SIGNATURE
22 silly fetch manifest react@^19.2.0
23 silly packumentCache full:https://registry.npmjs.org/react cache-miss
24 http fetch GET https://registry.npmjs.org/react attempt 1 failed with UNABLE_TO_VERIFY_LEAF_SIGNATURE
25 http fetch GET https://registry.npmjs.org/react attempt 2 failed with UNABLE_TO_VERIFY_LEAF_SIGNATURE
26 http fetch GET https://registry.npmjs.org/react attempt 3 failed with UNABLE_TO_VERIFY_LEAF_SIGNATURE
27 silly fetch manifest react-dom@^19.2.0
28 silly packumentCache full:https://registry.npmjs.org/react-dom cache-miss
29 http fetch GET https://registry.npmjs.org/react-dom attempt 1 failed with UNABLE_TO_VERIFY_LEAF_SIGNATURE
30 http fetch GET https://registry.npmjs.org/react-dom attempt 2 failed with UNABLE_TO_VERIFY_LEAF_SIGNATURE
31 http fetch GET https://registry.npmjs.org/react-dom attempt 3 failed with UNABLE_TO_VERIFY_LEAF_SIGNATURE
32 silly fetch manifest vite@^7.1.12
33 silly packumentCache full:https://registry.npmjs.org/vite cache-miss
34 http fetch GET https://registry.npmjs.org/vite attempt 1 failed with UNABLE_TO_VERIFY_LEAF_SIGNATURE
35 http fetch GET https://registry.npmjs.org/vite attempt 2 failed with UNABLE_TO_VERIFY_LEAF_SIGNATURE
36 http fetch GET https://registry.npmjs.org/vite attempt 3 failed with UNABLE_TO_VERIFY_LEAF_SIGNATURE
37 silly placeDep ROOT @supabase/supabase-js@ OK for: matdaily@1.0.0 want: ^2.75.0
38 silly placeDep ROOT react@ OK for: matdaily@1.0.0 want: ^19.2.0
39 silly placeDep ROOT react-dom@ OK for: matdaily@1.0.0 want: ^19.2.0
40 silly placeDep ROOT vite@ OK for: matdaily@1.0.0 want: ^7.1.12
41 verbose type system
42 verbose stack FetchError: request to https://registry.npmjs.org/@supabase%2fsupabase-js failed, reason: unable to verify the first certificate; if the root CA is installed locally, try running Node.js with --use-system-ca
42 verbose stack     at ClientRequest.<anonymous> (C:\Program Files\nodejs\node_modules\npm\node_modules\minipass-fetch\lib\index.js:130:14)
42 verbose stack     at ClientRequest.emit (node:events:509:28)
42 verbose stack     at emitErrorEvent (node:_http_client:109:11)
42 verbose stack     at _destroy (node:_http_client:993:9)
42 verbose stack     at onSocketNT (node:_http_client:1013:5)
42 verbose stack     at process.processTicksAndRejections (node:internal/process/task_queues:91:21)
43 error code UNABLE_TO_VERIFY_LEAF_SIGNATURE
44 error errno UNABLE_TO_VERIFY_LEAF_SIGNATURE
45 error request to https://registry.npmjs.org/@supabase%2fsupabase-js failed, reason: unable to verify the first certificate; if the root CA is installed locally, try running Node.js with --use-system-ca
46 silly unfinished npm timer reify 1778576814548
47 silly unfinished npm timer reify:loadTrees 1778576814549
48 verbose cwd C:\Users\malgo\Documents\New project
49 verbose os Windows_NT 10.0.26200
50 verbose node v24.15.0
51 verbose npm  v11.12.1
52 verbose exit 1
53 verbose code 1
54 error A complete log of this run can be found in: C:\Users\malgo\Documents\New project\.npm-cache\_logs\2026-05-12T09_06_54_153Z-debug-0.log
